INFO:root:
Selector: High Level Ordering of Strategies
| Sequence: Neutral Attack Sequence
| | Check: if_neutral_planet_available
| | Check: if_weak_neutral_available
| | Action: attack_weak_neutrals
| | Action: reinforce_frontline

DEBUG:root:Executing:Selector: High Level Ordering of Strategies
DEBUG:root:Executing:Sequence: Neutral Attack Sequence
DEBUG:root:Executing:Check: if_neutral_planet_available
DEBUG:root:Result: Check: if_neutral_planet_available -> Success
DEBUG:root:Executing:Check: if_weak_neutral_available
DEBUG:root:Result: Check: if_weak_neutral_available -> Success
DEBUG:root:Executing:Action: attack_weak_neutrals
INFO:root:my planet 1
INFO:root:neutral planet 1
DEBUG:root:Order:1 11 3.0
INFO:root:my planet 1
INFO:root:neutral planet 1
DEBUG:root:Order:1 12 3.0
INFO:root:my planet 1
INFO:root:neutral planet 1
DEBUG:root:Order:1 19 8.0
INFO:root:my planet 1
INFO:root:neutral planet 1
DEBUG:root:Order:1 20 8.0
INFO:root:my planet 1
INFO:root:neutral planet 1
DEBUG:root:Order:1 7 27.0
INFO:root:my planet 1
INFO:root:neutral planet 1
DEBUG:root:Order:1 8 27.0
DEBUG:root:Result: Action: attack_weak_neutrals -> Success
DEBUG:root:Executing:Action: reinforce_frontline
DEBUG:root:Result: Action: reinforce_frontline -> Success
DEBUG:root:Result: Sequence: Neutral Attack Sequence -> Success
DEBUG:root:Result: Selector: High Level Ordering of Strategies -> Success
DEBUG:root:Finish turn

DEBUG:root:Executing:Selector: High Level Ordering of Strategies
DEBUG:root:Executing:Sequence: Neutral Attack Sequence
DEBUG:root:Executing:Check: if_neutral_planet_available
DEBUG:root:Result: Check: if_neutral_planet_available -> Success
DEBUG:root:Executing:Check: if_weak_neutral_available
DEBUG:root:Result: Check: if_weak_neutral_available -> Failure
DEBUG:root:Result: Sequence: Neutral Attack Sequence -> Failure
DEBUG:root:Result: Selector: High Level Ordering of Strategies -> Failure
DEBUG:root:Finish turn

DEBUG:root:Executing:Selector: High Level Ordering of Strategies
DEBUG:root:Executing:Sequence: Neutral Attack Sequence
DEBUG:root:Executing:Check: if_neutral_planet_available
DEBUG:root:Result: Check: if_neutral_planet_available -> Success
DEBUG:root:Executing:Check: if_weak_neutral_available
DEBUG:root:Result: Check: if_weak_neutral_available -> Success
DEBUG:root:Executing:Action: attack_weak_neutrals
INFO:root:my planet 1
INFO:root:neutral planet 1
DEBUG:root:Order:1 15 32.0
DEBUG:root:Result: Action: attack_weak_neutrals -> Success
DEBUG:root:Executing:Action: reinforce_frontline
DEBUG:root:Result: Action: reinforce_frontline -> Success
DEBUG:root:Result: Sequence: Neutral Attack Sequence -> Success
DEBUG:root:Result: Selector: High Level Ordering of Strategies -> Success
DEBUG:root:Finish turn

DEBUG:root:Executing:Selector: High Level Ordering of Strategies
DEBUG:root:Executing:Sequence: Neutral Attack Sequence
DEBUG:root:Executing:Check: if_neutral_planet_available
DEBUG:root:Result: Check: if_neutral_planet_available -> Success
DEBUG:root:Executing:Check: if_weak_neutral_available
DEBUG:root:Result: Check: if_weak_neutral_available -> Failure
DEBUG:root:Result: Sequence: Neutral Attack Sequence -> Failure
DEBUG:root:Result: Selector: High Level Ordering of Strategies -> Failure
DEBUG:root:Finish turn

DEBUG:root:Executing:Selector: High Level Ordering of Strategies
DEBUG:root:Executing:Sequence: Neutral Attack Sequence
DEBUG:root:Executing:Check: if_neutral_planet_available
DEBUG:root:Result: Check: if_neutral_planet_available -> Success
DEBUG:root:Executing:Check: if_weak_neutral_available
DEBUG:root:Result: Check: if_weak_neutral_available -> Failure
DEBUG:root:Result: Sequence: Neutral Attack Sequence -> Failure
DEBUG:root:Result: Selector: High Level Ordering of Strategies -> Failure
DEBUG:root:Finish turn

DEBUG:root:Executing:Selector: High Level Ordering of Strategies
DEBUG:root:Executing:Sequence: Neutral Attack Sequence
DEBUG:root:Executing:Check: if_neutral_planet_available
DEBUG:root:Result: Check: if_neutral_planet_available -> Success
DEBUG:root:Executing:Check: if_weak_neutral_available
DEBUG:root:Result: Check: if_weak_neutral_available -> Failure
DEBUG:root:Result: Sequence: Neutral Attack Sequence -> Failure
DEBUG:root:Result: Selector: High Level Ordering of Strategies -> Failure
DEBUG:root:Finish turn

DEBUG:root:Executing:Selector: High Level Ordering of Strategies
DEBUG:root:Executing:Sequence: Neutral Attack Sequence
DEBUG:root:Executing:Check: if_neutral_planet_available
DEBUG:root:Result: Check: if_neutral_planet_available -> Success
DEBUG:root:Executing:Check: if_weak_neutral_available
DEBUG:root:Result: Check: if_weak_neutral_available -> Failure
DEBUG:root:Result: Sequence: Neutral Attack Sequence -> Failure
DEBUG:root:Result: Selector: High Level Ordering of Strategies -> Failure
DEBUG:root:Finish turn

DEBUG:root:Executing:Selector: High Level Ordering of Strategies
DEBUG:root:Executing:Sequence: Neutral Attack Sequence
DEBUG:root:Executing:Check: if_neutral_planet_available
DEBUG:root:Result: Check: if_neutral_planet_available -> Success
DEBUG:root:Executing:Check: if_weak_neutral_available
DEBUG:root:Result: Check: if_weak_neutral_available -> Failure
DEBUG:root:Result: Sequence: Neutral Attack Sequence -> Failure
DEBUG:root:Result: Selector: High Level Ordering of Strategies -> Failure
DEBUG:root:Finish turn

DEBUG:root:Executing:Selector: High Level Ordering of Strategies
DEBUG:root:Executing:Sequence: Neutral Attack Sequence
DEBUG:root:Executing:Check: if_neutral_planet_available
DEBUG:root:Result: Check: if_neutral_planet_available -> Success
DEBUG:root:Executing:Check: if_weak_neutral_available
DEBUG:root:Result: Check: if_weak_neutral_available -> Failure
DEBUG:root:Result: Sequence: Neutral Attack Sequence -> Failure
DEBUG:root:Result: Selector: High Level Ordering of Strategies -> Failure
DEBUG:root:Finish turn

DEBUG:root:Executing:Selector: High Level Ordering of Strategies
DEBUG:root:Executing:Sequence: Neutral Attack Sequence
DEBUG:root:Executing:Check: if_neutral_planet_available
DEBUG:root:Result: Check: if_neutral_planet_available -> Success
DEBUG:root:Executing:Check: if_weak_neutral_available
DEBUG:root:Result: Check: if_weak_neutral_available -> Success
DEBUG:root:Executing:Action: attack_weak_neutrals
INFO:root:my planet 1
INFO:root:neutral planet 1
DEBUG:root:Order:1 16 32.0
DEBUG:root:Result: Action: attack_weak_neutrals -> Success
DEBUG:root:Executing:Action: reinforce_frontline
DEBUG:root:Order:8 20 3
DEBUG:root:Order:8 1 3
DEBUG:root:Result: Action: reinforce_frontline -> Success
DEBUG:root:Result: Sequence: Neutral Attack Sequence -> Success
DEBUG:root:Result: Selector: High Level Ordering of Strategies -> Success
DEBUG:root:Finish turn

DEBUG:root:Executing:Selector: High Level Ordering of Strategies
DEBUG:root:Executing:Sequence: Neutral Attack Sequence
DEBUG:root:Executing:Check: if_neutral_planet_available
DEBUG:root:Result: Check: if_neutral_planet_available -> Success
DEBUG:root:Executing:Check: if_weak_neutral_available
DEBUG:root:Result: Check: if_weak_neutral_available -> Failure
DEBUG:root:Result: Sequence: Neutral Attack Sequence -> Failure
DEBUG:root:Result: Selector: High Level Ordering of Strategies -> Failure
DEBUG:root:Finish turn

DEBUG:root:Executing:Selector: High Level Ordering of Strategies
DEBUG:root:Executing:Sequence: Neutral Attack Sequence
DEBUG:root:Executing:Check: if_neutral_planet_available
DEBUG:root:Result: Check: if_neutral_planet_available -> Success
DEBUG:root:Executing:Check: if_weak_neutral_available
DEBUG:root:Result: Check: if_weak_neutral_available -> Failure
DEBUG:root:Result: Sequence: Neutral Attack Sequence -> Failure
DEBUG:root:Result: Selector: High Level Ordering of Strategies -> Failure
DEBUG:root:Finish turn

DEBUG:root:Executing:Selector: High Level Ordering of Strategies
DEBUG:root:Executing:Sequence: Neutral Attack Sequence
DEBUG:root:Executing:Check: if_neutral_planet_available
DEBUG:root:Result: Check: if_neutral_planet_available -> Success
DEBUG:root:Executing:Check: if_weak_neutral_available
DEBUG:root:Result: Check: if_weak_neutral_available -> Failure
DEBUG:root:Result: Sequence: Neutral Attack Sequence -> Failure
DEBUG:root:Result: Selector: High Level Ordering of Strategies -> Failure
DEBUG:root:Finish turn

DEBUG:root:Executing:Selector: High Level Ordering of Strategies
DEBUG:root:Executing:Sequence: Neutral Attack Sequence
DEBUG:root:Executing:Check: if_neutral_planet_available
DEBUG:root:Result: Check: if_neutral_planet_available -> Success
DEBUG:root:Executing:Check: if_weak_neutral_available
DEBUG:root:Result: Check: if_weak_neutral_available -> Failure
DEBUG:root:Result: Sequence: Neutral Attack Sequence -> Failure
DEBUG:root:Result: Selector: High Level Ordering of Strategies -> Failure
DEBUG:root:Finish turn

DEBUG:root:Executing:Selector: High Level Ordering of Strategies
DEBUG:root:Executing:Sequence: Neutral Attack Sequence
DEBUG:root:Executing:Check: if_neutral_planet_available
DEBUG:root:Result: Check: if_neutral_planet_available -> Success
DEBUG:root:Executing:Check: if_weak_neutral_available
DEBUG:root:Result: Check: if_weak_neutral_available -> Failure
DEBUG:root:Result: Sequence: Neutral Attack Sequence -> Failure
DEBUG:root:Result: Selector: High Level Ordering of Strategies -> Failure
DEBUG:root:Finish turn

DEBUG:root:Executing:Selector: High Level Ordering of Strategies
DEBUG:root:Executing:Sequence: Neutral Attack Sequence
DEBUG:root:Executing:Check: if_neutral_planet_available
DEBUG:root:Result: Check: if_neutral_planet_available -> Success
DEBUG:root:Executing:Check: if_weak_neutral_available
DEBUG:root:Result: Check: if_weak_neutral_available -> Failure
DEBUG:root:Result: Sequence: Neutral Attack Sequence -> Failure
DEBUG:root:Result: Selector: High Level Ordering of Strategies -> Failure
DEBUG:root:Finish turn

DEBUG:root:Executing:Selector: High Level Ordering of Strategies
DEBUG:root:Executing:Sequence: Neutral Attack Sequence
DEBUG:root:Executing:Check: if_neutral_planet_available
DEBUG:root:Result: Check: if_neutral_planet_available -> Success
DEBUG:root:Executing:Check: if_weak_neutral_available
DEBUG:root:Result: Check: if_weak_neutral_available -> Failure
DEBUG:root:Result: Sequence: Neutral Attack Sequence -> Failure
DEBUG:root:Result: Selector: High Level Ordering of Strategies -> Failure
DEBUG:root:Finish turn

DEBUG:root:Executing:Selector: High Level Ordering of Strategies
DEBUG:root:Executing:Sequence: Neutral Attack Sequence
DEBUG:root:Executing:Check: if_neutral_planet_available
DEBUG:root:Result: Check: if_neutral_planet_available -> Success
DEBUG:root:Executing:Check: if_weak_neutral_available
DEBUG:root:Result: Check: if_weak_neutral_available -> Failure
DEBUG:root:Result: Sequence: Neutral Attack Sequence -> Failure
DEBUG:root:Result: Selector: High Level Ordering of Strategies -> Failure
DEBUG:root:Finish turn

DEBUG:root:Executing:Selector: High Level Ordering of Strategies
DEBUG:root:Executing:Sequence: Neutral Attack Sequence
DEBUG:root:Executing:Check: if_neutral_planet_available
DEBUG:root:Result: Check: if_neutral_planet_available -> Success
DEBUG:root:Executing:Check: if_weak_neutral_available
DEBUG:root:Result: Check: if_weak_neutral_available -> Failure
DEBUG:root:Result: Sequence: Neutral Attack Sequence -> Failure
DEBUG:root:Result: Selector: High Level Ordering of Strategies -> Failure
DEBUG:root:Finish turn

DEBUG:root:Executing:Selector: High Level Ordering of Strategies
DEBUG:root:Executing:Sequence: Neutral Attack Sequence
DEBUG:root:Executing:Check: if_neutral_planet_available
DEBUG:root:Result: Check: if_neutral_planet_available -> Success
DEBUG:root:Executing:Check: if_weak_neutral_available
DEBUG:root:Result: Check: if_weak_neutral_available -> Failure
DEBUG:root:Result: Sequence: Neutral Attack Sequence -> Failure
DEBUG:root:Result: Selector: High Level Ordering of Strategies -> Failure
DEBUG:root:Finish turn

DEBUG:root:Executing:Selector: High Level Ordering of Strategies
DEBUG:root:Executing:Sequence: Neutral Attack Sequence
DEBUG:root:Executing:Check: if_neutral_planet_available
DEBUG:root:Result: Check: if_neutral_planet_available -> Success
DEBUG:root:Executing:Check: if_weak_neutral_available
DEBUG:root:Result: Check: if_weak_neutral_available -> Success
DEBUG:root:Executing:Action: attack_weak_neutrals
INFO:root:my planet 1
INFO:root:neutral planet 1
DEBUG:root:Order:1 17 62.0
DEBUG:root:Result: Action: attack_weak_neutrals -> Success
DEBUG:root:Executing:Action: reinforce_frontline
DEBUG:root:Order:8 12 1
DEBUG:root:Order:8 11 1
DEBUG:root:Order:8 20 1
DEBUG:root:Order:8 16 1
DEBUG:root:Order:8 1 1
DEBUG:root:Result: Action: reinforce_frontline -> Success
DEBUG:root:Result: Sequence: Neutral Attack Sequence -> Success
DEBUG:root:Result: Selector: High Level Ordering of Strategies -> Success
DEBUG:root:Finish turn

DEBUG:root:Executing:Selector: High Level Ordering of Strategies
DEBUG:root:Executing:Sequence: Neutral Attack Sequence
DEBUG:root:Executing:Check: if_neutral_planet_available
DEBUG:root:Result: Check: if_neutral_planet_available -> Success
DEBUG:root:Executing:Check: if_weak_neutral_available
DEBUG:root:Result: Check: if_weak_neutral_available -> Failure
DEBUG:root:Result: Sequence: Neutral Attack Sequence -> Failure
DEBUG:root:Result: Selector: High Level Ordering of Strategies -> Failure
DEBUG:root:Finish turn

DEBUG:root:Executing:Selector: High Level Ordering of Strategies
DEBUG:root:Executing:Sequence: Neutral Attack Sequence
DEBUG:root:Executing:Check: if_neutral_planet_available
DEBUG:root:Result: Check: if_neutral_planet_available -> Success
DEBUG:root:Executing:Check: if_weak_neutral_available
DEBUG:root:Result: Check: if_weak_neutral_available -> Failure
DEBUG:root:Result: Sequence: Neutral Attack Sequence -> Failure
DEBUG:root:Result: Selector: High Level Ordering of Strategies -> Failure
DEBUG:root:Finish turn

DEBUG:root:Executing:Selector: High Level Ordering of Strategies
DEBUG:root:Executing:Sequence: Neutral Attack Sequence
DEBUG:root:Executing:Check: if_neutral_planet_available
DEBUG:root:Result: Check: if_neutral_planet_available -> Success
DEBUG:root:Executing:Check: if_weak_neutral_available
DEBUG:root:Result: Check: if_weak_neutral_available -> Failure
DEBUG:root:Result: Sequence: Neutral Attack Sequence -> Failure
DEBUG:root:Result: Selector: High Level Ordering of Strategies -> Failure
DEBUG:root:Finish turn

DEBUG:root:Executing:Selector: High Level Ordering of Strategies
DEBUG:root:Executing:Sequence: Neutral Attack Sequence
DEBUG:root:Executing:Check: if_neutral_planet_available
DEBUG:root:Result: Check: if_neutral_planet_available -> Success
DEBUG:root:Executing:Check: if_weak_neutral_available
DEBUG:root:Result: Check: if_weak_neutral_available -> Failure
DEBUG:root:Result: Sequence: Neutral Attack Sequence -> Failure
DEBUG:root:Result: Selector: High Level Ordering of Strategies -> Failure
DEBUG:root:Finish turn

DEBUG:root:Executing:Selector: High Level Ordering of Strategies
DEBUG:root:Executing:Sequence: Neutral Attack Sequence
DEBUG:root:Executing:Check: if_neutral_planet_available
DEBUG:root:Result: Check: if_neutral_planet_available -> Success
DEBUG:root:Executing:Check: if_weak_neutral_available
DEBUG:root:Result: Check: if_weak_neutral_available -> Failure
DEBUG:root:Result: Sequence: Neutral Attack Sequence -> Failure
DEBUG:root:Result: Selector: High Level Ordering of Strategies -> Failure
DEBUG:root:Finish turn

DEBUG:root:Executing:Selector: High Level Ordering of Strategies
DEBUG:root:Executing:Sequence: Neutral Attack Sequence
DEBUG:root:Executing:Check: if_neutral_planet_available
DEBUG:root:Result: Check: if_neutral_planet_available -> Success
DEBUG:root:Executing:Check: if_weak_neutral_available
DEBUG:root:Result: Check: if_weak_neutral_available -> Success
DEBUG:root:Executing:Action: attack_weak_neutrals
INFO:root:my planet 20
INFO:root:neutral planet 20
DEBUG:root:Order:20 18 62.0
DEBUG:root:Result: Action: attack_weak_neutrals -> Success
DEBUG:root:Executing:Action: reinforce_frontline
DEBUG:root:Order:8 16 1
DEBUG:root:Order:8 11 1
DEBUG:root:Order:8 1 1
DEBUG:root:Order:8 12 1
DEBUG:root:Order:8 20 1
DEBUG:root:Result: Action: reinforce_frontline -> Success
DEBUG:root:Result: Sequence: Neutral Attack Sequence -> Success
DEBUG:root:Result: Selector: High Level Ordering of Strategies -> Success
DEBUG:root:Finish turn

DEBUG:root:Executing:Selector: High Level Ordering of Strategies
DEBUG:root:Executing:Sequence: Neutral Attack Sequence
DEBUG:root:Executing:Check: if_neutral_planet_available
DEBUG:root:Result: Check: if_neutral_planet_available -> Success
DEBUG:root:Executing:Check: if_weak_neutral_available
DEBUG:root:Result: Check: if_weak_neutral_available -> Failure
DEBUG:root:Result: Sequence: Neutral Attack Sequence -> Failure
DEBUG:root:Result: Selector: High Level Ordering of Strategies -> Failure
DEBUG:root:Finish turn

DEBUG:root:Executing:Selector: High Level Ordering of Strategies
DEBUG:root:Executing:Sequence: Neutral Attack Sequence
DEBUG:root:Executing:Check: if_neutral_planet_available
DEBUG:root:Result: Check: if_neutral_planet_available -> Success
DEBUG:root:Executing:Check: if_weak_neutral_available
DEBUG:root:Result: Check: if_weak_neutral_available -> Failure
DEBUG:root:Result: Sequence: Neutral Attack Sequence -> Failure
DEBUG:root:Result: Selector: High Level Ordering of Strategies -> Failure
DEBUG:root:Finish turn

DEBUG:root:Executing:Selector: High Level Ordering of Strategies
DEBUG:root:Executing:Sequence: Neutral Attack Sequence
DEBUG:root:Executing:Check: if_neutral_planet_available
DEBUG:root:Result: Check: if_neutral_planet_available -> Success
DEBUG:root:Executing:Check: if_weak_neutral_available
DEBUG:root:Result: Check: if_weak_neutral_available -> Failure
DEBUG:root:Result: Sequence: Neutral Attack Sequence -> Failure
DEBUG:root:Result: Selector: High Level Ordering of Strategies -> Failure
DEBUG:root:Finish turn

DEBUG:root:Executing:Selector: High Level Ordering of Strategies
DEBUG:root:Executing:Sequence: Neutral Attack Sequence
DEBUG:root:Executing:Check: if_neutral_planet_available
DEBUG:root:Result: Check: if_neutral_planet_available -> Success
DEBUG:root:Executing:Check: if_weak_neutral_available
DEBUG:root:Result: Check: if_weak_neutral_available -> Failure
DEBUG:root:Result: Sequence: Neutral Attack Sequence -> Failure
DEBUG:root:Result: Selector: High Level Ordering of Strategies -> Failure
DEBUG:root:Finish turn

DEBUG:root:Executing:Selector: High Level Ordering of Strategies
DEBUG:root:Executing:Sequence: Neutral Attack Sequence
DEBUG:root:Executing:Check: if_neutral_planet_available
DEBUG:root:Result: Check: if_neutral_planet_available -> Success
DEBUG:root:Executing:Check: if_weak_neutral_available
DEBUG:root:Result: Check: if_weak_neutral_available -> Failure
DEBUG:root:Result: Sequence: Neutral Attack Sequence -> Failure
DEBUG:root:Result: Selector: High Level Ordering of Strategies -> Failure
DEBUG:root:Finish turn

DEBUG:root:Executing:Selector: High Level Ordering of Strategies
DEBUG:root:Executing:Sequence: Neutral Attack Sequence
DEBUG:root:Executing:Check: if_neutral_planet_available
DEBUG:root:Result: Check: if_neutral_planet_available -> Success
DEBUG:root:Executing:Check: if_weak_neutral_available
DEBUG:root:Result: Check: if_weak_neutral_available -> Failure
DEBUG:root:Result: Sequence: Neutral Attack Sequence -> Failure
DEBUG:root:Result: Selector: High Level Ordering of Strategies -> Failure
DEBUG:root:Finish turn

DEBUG:root:Executing:Selector: High Level Ordering of Strategies
DEBUG:root:Executing:Sequence: Neutral Attack Sequence
DEBUG:root:Executing:Check: if_neutral_planet_available
DEBUG:root:Result: Check: if_neutral_planet_available -> Success
DEBUG:root:Executing:Check: if_weak_neutral_available
DEBUG:root:Result: Check: if_weak_neutral_available -> Failure
DEBUG:root:Result: Sequence: Neutral Attack Sequence -> Failure
DEBUG:root:Result: Selector: High Level Ordering of Strategies -> Failure
DEBUG:root:Finish turn

DEBUG:root:Executing:Selector: High Level Ordering of Strategies
DEBUG:root:Executing:Sequence: Neutral Attack Sequence
DEBUG:root:Executing:Check: if_neutral_planet_available
DEBUG:root:Result: Check: if_neutral_planet_available -> Success
DEBUG:root:Executing:Check: if_weak_neutral_available
DEBUG:root:Result: Check: if_weak_neutral_available -> Success
DEBUG:root:Executing:Action: attack_weak_neutrals
INFO:root:my planet 1
INFO:root:neutral planet 1
DEBUG:root:Order:1 13 68.0
DEBUG:root:Result: Action: attack_weak_neutrals -> Success
DEBUG:root:Executing:Action: reinforce_frontline
DEBUG:root:Order:8 11 1
DEBUG:root:Order:8 18 1
DEBUG:root:Order:8 16 1
DEBUG:root:Order:8 12 1
DEBUG:root:Order:8 20 1
DEBUG:root:Order:8 1 1
DEBUG:root:Result: Action: reinforce_frontline -> Success
DEBUG:root:Result: Sequence: Neutral Attack Sequence -> Success
DEBUG:root:Result: Selector: High Level Ordering of Strategies -> Success
DEBUG:root:Finish turn

DEBUG:root:Executing:Selector: High Level Ordering of Strategies
DEBUG:root:Executing:Sequence: Neutral Attack Sequence
DEBUG:root:Executing:Check: if_neutral_planet_available
DEBUG:root:Result: Check: if_neutral_planet_available -> Success
DEBUG:root:Executing:Check: if_weak_neutral_available
DEBUG:root:Result: Check: if_weak_neutral_available -> Failure
DEBUG:root:Result: Sequence: Neutral Attack Sequence -> Failure
DEBUG:root:Result: Selector: High Level Ordering of Strategies -> Failure
DEBUG:root:Finish turn

DEBUG:root:Executing:Selector: High Level Ordering of Strategies
DEBUG:root:Executing:Sequence: Neutral Attack Sequence
DEBUG:root:Executing:Check: if_neutral_planet_available
DEBUG:root:Result: Check: if_neutral_planet_available -> Success
DEBUG:root:Executing:Check: if_weak_neutral_available
DEBUG:root:Result: Check: if_weak_neutral_available -> Failure
DEBUG:root:Result: Sequence: Neutral Attack Sequence -> Failure
DEBUG:root:Result: Selector: High Level Ordering of Strategies -> Failure
DEBUG:root:Finish turn

DEBUG:root:Executing:Selector: High Level Ordering of Strategies
DEBUG:root:Executing:Sequence: Neutral Attack Sequence
DEBUG:root:Executing:Check: if_neutral_planet_available
DEBUG:root:Result: Check: if_neutral_planet_available -> Success
DEBUG:root:Executing:Check: if_weak_neutral_available
DEBUG:root:Result: Check: if_weak_neutral_available -> Failure
DEBUG:root:Result: Sequence: Neutral Attack Sequence -> Failure
DEBUG:root:Result: Selector: High Level Ordering of Strategies -> Failure
DEBUG:root:Finish turn

DEBUG:root:Executing:Selector: High Level Ordering of Strategies
DEBUG:root:Executing:Sequence: Neutral Attack Sequence
DEBUG:root:Executing:Check: if_neutral_planet_available
DEBUG:root:Result: Check: if_neutral_planet_available -> Success
DEBUG:root:Executing:Check: if_weak_neutral_available
DEBUG:root:Result: Check: if_weak_neutral_available -> Failure
DEBUG:root:Result: Sequence: Neutral Attack Sequence -> Failure
DEBUG:root:Result: Selector: High Level Ordering of Strategies -> Failure
DEBUG:root:Finish turn

DEBUG:root:Executing:Selector: High Level Ordering of Strategies
DEBUG:root:Executing:Sequence: Neutral Attack Sequence
DEBUG:root:Executing:Check: if_neutral_planet_available
DEBUG:root:Result: Check: if_neutral_planet_available -> Success
DEBUG:root:Executing:Check: if_weak_neutral_available
DEBUG:root:Result: Check: if_weak_neutral_available -> Failure
DEBUG:root:Result: Sequence: Neutral Attack Sequence -> Failure
DEBUG:root:Result: Selector: High Level Ordering of Strategies -> Failure
DEBUG:root:Finish turn

DEBUG:root:Executing:Selector: High Level Ordering of Strategies
DEBUG:root:Executing:Sequence: Neutral Attack Sequence
DEBUG:root:Executing:Check: if_neutral_planet_available
DEBUG:root:Result: Check: if_neutral_planet_available -> Success
DEBUG:root:Executing:Check: if_weak_neutral_available
DEBUG:root:Result: Check: if_weak_neutral_available -> Failure
DEBUG:root:Result: Sequence: Neutral Attack Sequence -> Failure
DEBUG:root:Result: Selector: High Level Ordering of Strategies -> Failure
DEBUG:root:Finish turn

DEBUG:root:Executing:Selector: High Level Ordering of Strategies
DEBUG:root:Executing:Sequence: Neutral Attack Sequence
DEBUG:root:Executing:Check: if_neutral_planet_available
DEBUG:root:Result: Check: if_neutral_planet_available -> Success
DEBUG:root:Executing:Check: if_weak_neutral_available
DEBUG:root:Result: Check: if_weak_neutral_available -> Failure
DEBUG:root:Result: Sequence: Neutral Attack Sequence -> Failure
DEBUG:root:Result: Selector: High Level Ordering of Strategies -> Failure
DEBUG:root:Finish turn

DEBUG:root:Executing:Selector: High Level Ordering of Strategies
DEBUG:root:Executing:Sequence: Neutral Attack Sequence
DEBUG:root:Executing:Check: if_neutral_planet_available
DEBUG:root:Result: Check: if_neutral_planet_available -> Success
DEBUG:root:Executing:Check: if_weak_neutral_available
DEBUG:root:Result: Check: if_weak_neutral_available -> Success
DEBUG:root:Executing:Action: attack_weak_neutrals
INFO:root:my planet 20
INFO:root:neutral planet 20
DEBUG:root:Order:20 14 68.0
DEBUG:root:Result: Action: attack_weak_neutrals -> Success
DEBUG:root:Executing:Action: reinforce_frontline
DEBUG:root:Order:8 17 1
DEBUG:root:Order:8 1 1
DEBUG:root:Order:8 16 1
DEBUG:root:Order:8 12 1
DEBUG:root:Order:8 18 1
DEBUG:root:Order:8 20 1
DEBUG:root:Order:8 11 1
DEBUG:root:Result: Action: reinforce_frontline -> Success
DEBUG:root:Result: Sequence: Neutral Attack Sequence -> Success
DEBUG:root:Result: Selector: High Level Ordering of Strategies -> Success
DEBUG:root:Finish turn

DEBUG:root:Executing:Selector: High Level Ordering of Strategies
DEBUG:root:Executing:Sequence: Neutral Attack Sequence
DEBUG:root:Executing:Check: if_neutral_planet_available
DEBUG:root:Result: Check: if_neutral_planet_available -> Success
DEBUG:root:Executing:Check: if_weak_neutral_available
DEBUG:root:Result: Check: if_weak_neutral_available -> Failure
DEBUG:root:Result: Sequence: Neutral Attack Sequence -> Failure
DEBUG:root:Result: Selector: High Level Ordering of Strategies -> Failure
DEBUG:root:Finish turn

DEBUG:root:Executing:Selector: High Level Ordering of Strategies
DEBUG:root:Executing:Sequence: Neutral Attack Sequence
DEBUG:root:Executing:Check: if_neutral_planet_available
DEBUG:root:Result: Check: if_neutral_planet_available -> Success
DEBUG:root:Executing:Check: if_weak_neutral_available
DEBUG:root:Result: Check: if_weak_neutral_available -> Failure
DEBUG:root:Result: Sequence: Neutral Attack Sequence -> Failure
DEBUG:root:Result: Selector: High Level Ordering of Strategies -> Failure
DEBUG:root:Finish turn

DEBUG:root:Executing:Selector: High Level Ordering of Strategies
DEBUG:root:Executing:Sequence: Neutral Attack Sequence
DEBUG:root:Executing:Check: if_neutral_planet_available
DEBUG:root:Result: Check: if_neutral_planet_available -> Success
DEBUG:root:Executing:Check: if_weak_neutral_available
DEBUG:root:Result: Check: if_weak_neutral_available -> Failure
DEBUG:root:Result: Sequence: Neutral Attack Sequence -> Failure
DEBUG:root:Result: Selector: High Level Ordering of Strategies -> Failure
DEBUG:root:Finish turn

DEBUG:root:Executing:Selector: High Level Ordering of Strategies
DEBUG:root:Executing:Sequence: Neutral Attack Sequence
DEBUG:root:Executing:Check: if_neutral_planet_available
DEBUG:root:Result: Check: if_neutral_planet_available -> Success
DEBUG:root:Executing:Check: if_weak_neutral_available
DEBUG:root:Result: Check: if_weak_neutral_available -> Failure
DEBUG:root:Result: Sequence: Neutral Attack Sequence -> Failure
DEBUG:root:Result: Selector: High Level Ordering of Strategies -> Failure
DEBUG:root:Finish turn

DEBUG:root:Executing:Selector: High Level Ordering of Strategies
DEBUG:root:Executing:Sequence: Neutral Attack Sequence
DEBUG:root:Executing:Check: if_neutral_planet_available
DEBUG:root:Result: Check: if_neutral_planet_available -> Success
DEBUG:root:Executing:Check: if_weak_neutral_available
DEBUG:root:Result: Check: if_weak_neutral_available -> Success
DEBUG:root:Executing:Action: attack_weak_neutrals
INFO:root:my planet 16
INFO:root:neutral planet 16
DEBUG:root:Order:16 5 72.0
DEBUG:root:Result: Action: attack_weak_neutrals -> Success
DEBUG:root:Executing:Action: reinforce_frontline
DEBUG:root:Order:8 16 1
DEBUG:root:Order:8 11 1
DEBUG:root:Order:8 12 1
DEBUG:root:Order:8 17 1
DEBUG:root:Order:8 18 1
DEBUG:root:Order:8 20 1
DEBUG:root:Order:8 1 1
DEBUG:root:Result: Action: reinforce_frontline -> Success
DEBUG:root:Result: Sequence: Neutral Attack Sequence -> Success
DEBUG:root:Result: Selector: High Level Ordering of Strategies -> Success
DEBUG:root:Finish turn

DEBUG:root:Executing:Selector: High Level Ordering of Strategies
DEBUG:root:Executing:Sequence: Neutral Attack Sequence
DEBUG:root:Executing:Check: if_neutral_planet_available
DEBUG:root:Result: Check: if_neutral_planet_available -> Success
DEBUG:root:Executing:Check: if_weak_neutral_available
DEBUG:root:Result: Check: if_weak_neutral_available -> Success
DEBUG:root:Executing:Action: attack_weak_neutrals
INFO:root:my planet 1
INFO:root:neutral planet 1
DEBUG:root:Order:1 6 72.0
DEBUG:root:Result: Action: attack_weak_neutrals -> Success
DEBUG:root:Executing:Action: reinforce_frontline
DEBUG:root:Order:8 16 0
DEBUG:root:Order:8 12 0
DEBUG:root:Order:8 17 0
DEBUG:root:Order:8 18 0
DEBUG:root:Order:8 20 0
DEBUG:root:Order:8 1 0
DEBUG:root:Order:8 11 0
DEBUG:root:Result: Action: reinforce_frontline -> Success
DEBUG:root:Result: Sequence: Neutral Attack Sequence -> Success
DEBUG:root:Result: Selector: High Level Ordering of Strategies -> Success
DEBUG:root:Finish turn

DEBUG:root:Executing:Selector: High Level Ordering of Strategies
DEBUG:root:Executing:Sequence: Neutral Attack Sequence
DEBUG:root:Executing:Check: if_neutral_planet_available
DEBUG:root:Result: Check: if_neutral_planet_available -> Success
DEBUG:root:Executing:Check: if_weak_neutral_available
DEBUG:root:Result: Check: if_weak_neutral_available -> Failure
DEBUG:root:Result: Sequence: Neutral Attack Sequence -> Failure
DEBUG:root:Result: Selector: High Level Ordering of Strategies -> Failure
DEBUG:root:Finish turn

DEBUG:root:Executing:Selector: High Level Ordering of Strategies
DEBUG:root:Executing:Sequence: Neutral Attack Sequence
DEBUG:root:Executing:Check: if_neutral_planet_available
DEBUG:root:Result: Check: if_neutral_planet_available -> Success
DEBUG:root:Executing:Check: if_weak_neutral_available
DEBUG:root:Result: Check: if_weak_neutral_available -> Failure
DEBUG:root:Result: Sequence: Neutral Attack Sequence -> Failure
DEBUG:root:Result: Selector: High Level Ordering of Strategies -> Failure
DEBUG:root:Finish turn

DEBUG:root:Executing:Selector: High Level Ordering of Strategies
DEBUG:root:Executing:Sequence: Neutral Attack Sequence
DEBUG:root:Executing:Check: if_neutral_planet_available
DEBUG:root:Result: Check: if_neutral_planet_available -> Success
DEBUG:root:Executing:Check: if_weak_neutral_available
DEBUG:root:Result: Check: if_weak_neutral_available -> Success
DEBUG:root:Executing:Action: attack_weak_neutrals
INFO:root:my planet 18
INFO:root:neutral planet 18
DEBUG:root:Order:18 9 72.0
DEBUG:root:Result: Action: attack_weak_neutrals -> Success
DEBUG:root:Executing:Action: reinforce_frontline
DEBUG:root:Order:8 16 1
DEBUG:root:Order:8 12 1
DEBUG:root:Order:8 1 1
DEBUG:root:Order:8 11 1
DEBUG:root:Order:8 17 1
DEBUG:root:Order:8 18 1
DEBUG:root:Order:8 20 1
DEBUG:root:Result: Action: reinforce_frontline -> Success
DEBUG:root:Result: Sequence: Neutral Attack Sequence -> Success
DEBUG:root:Result: Selector: High Level Ordering of Strategies -> Success
DEBUG:root:Finish turn

DEBUG:root:Executing:Selector: High Level Ordering of Strategies
DEBUG:root:Executing:Sequence: Neutral Attack Sequence
DEBUG:root:Executing:Check: if_neutral_planet_available
DEBUG:root:Result: Check: if_neutral_planet_available -> Success
DEBUG:root:Executing:Check: if_weak_neutral_available
DEBUG:root:Result: Check: if_weak_neutral_available -> Failure
DEBUG:root:Result: Sequence: Neutral Attack Sequence -> Failure
DEBUG:root:Result: Selector: High Level Ordering of Strategies -> Failure
DEBUG:root:Finish turn

DEBUG:root:Executing:Selector: High Level Ordering of Strategies
DEBUG:root:Executing:Sequence: Neutral Attack Sequence
DEBUG:root:Executing:Check: if_neutral_planet_available
DEBUG:root:Result: Check: if_neutral_planet_available -> Success
DEBUG:root:Executing:Check: if_weak_neutral_available
DEBUG:root:Result: Check: if_weak_neutral_available -> Failure
DEBUG:root:Result: Sequence: Neutral Attack Sequence -> Failure
DEBUG:root:Result: Selector: High Level Ordering of Strategies -> Failure
DEBUG:root:Finish turn

DEBUG:root:Executing:Selector: High Level Ordering of Strategies
DEBUG:root:Executing:Sequence: Neutral Attack Sequence
DEBUG:root:Executing:Check: if_neutral_planet_available
DEBUG:root:Result: Check: if_neutral_planet_available -> Success
DEBUG:root:Executing:Check: if_weak_neutral_available
DEBUG:root:Result: Check: if_weak_neutral_available -> Success
DEBUG:root:Executing:Action: attack_weak_neutrals
INFO:root:my planet 17
INFO:root:neutral planet 17
DEBUG:root:Order:17 10 72.0
DEBUG:root:Result: Action: attack_weak_neutrals -> Success
DEBUG:root:Executing:Action: reinforce_frontline
DEBUG:root:Order:8 16 0
DEBUG:root:Order:8 17 0
DEBUG:root:Order:8 12 0
DEBUG:root:Order:8 11 0
DEBUG:root:Order:8 1 0
DEBUG:root:Order:8 20 0
DEBUG:root:Order:8 18 0
DEBUG:root:Order:8 13 0
DEBUG:root:Result: Action: reinforce_frontline -> Success
DEBUG:root:Result: Sequence: Neutral Attack Sequence -> Success
DEBUG:root:Result: Selector: High Level Ordering of Strategies -> Success
DEBUG:root:Finish turn

DEBUG:root:Executing:Selector: High Level Ordering of Strategies
DEBUG:root:Executing:Sequence: Neutral Attack Sequence
DEBUG:root:Executing:Check: if_neutral_planet_available
DEBUG:root:Result: Check: if_neutral_planet_available -> Success
DEBUG:root:Executing:Check: if_weak_neutral_available
DEBUG:root:Result: Check: if_weak_neutral_available -> Failure
DEBUG:root:Result: Sequence: Neutral Attack Sequence -> Failure
DEBUG:root:Result: Selector: High Level Ordering of Strategies -> Failure
DEBUG:root:Finish turn

DEBUG:root:Executing:Selector: High Level Ordering of Strategies
DEBUG:root:Executing:Sequence: Neutral Attack Sequence
DEBUG:root:Executing:Check: if_neutral_planet_available
DEBUG:root:Result: Check: if_neutral_planet_available -> Success
DEBUG:root:Executing:Check: if_weak_neutral_available
DEBUG:root:Result: Check: if_weak_neutral_available -> Failure
DEBUG:root:Result: Sequence: Neutral Attack Sequence -> Failure
DEBUG:root:Result: Selector: High Level Ordering of Strategies -> Failure
DEBUG:root:Finish turn

DEBUG:root:Executing:Selector: High Level Ordering of Strategies
DEBUG:root:Executing:Sequence: Neutral Attack Sequence
DEBUG:root:Executing:Check: if_neutral_planet_available
DEBUG:root:Result: Check: if_neutral_planet_available -> Success
DEBUG:root:Executing:Check: if_weak_neutral_available
DEBUG:root:Result: Check: if_weak_neutral_available -> Failure
DEBUG:root:Result: Sequence: Neutral Attack Sequence -> Failure
DEBUG:root:Result: Selector: High Level Ordering of Strategies -> Failure
DEBUG:root:Finish turn

DEBUG:root:Executing:Selector: High Level Ordering of Strategies
DEBUG:root:Executing:Sequence: Neutral Attack Sequence
DEBUG:root:Executing:Check: if_neutral_planet_available
DEBUG:root:Result: Check: if_neutral_planet_available -> Success
DEBUG:root:Executing:Check: if_weak_neutral_available
DEBUG:root:Result: Check: if_weak_neutral_available -> Failure
DEBUG:root:Result: Sequence: Neutral Attack Sequence -> Failure
DEBUG:root:Result: Selector: High Level Ordering of Strategies -> Failure
DEBUG:root:Finish turn

DEBUG:root:Executing:Selector: High Level Ordering of Strategies
DEBUG:root:Executing:Sequence: Neutral Attack Sequence
DEBUG:root:Executing:Check: if_neutral_planet_available
DEBUG:root:Result: Check: if_neutral_planet_available -> Success
DEBUG:root:Executing:Check: if_weak_neutral_available
DEBUG:root:Result: Check: if_weak_neutral_available -> Failure
DEBUG:root:Result: Sequence: Neutral Attack Sequence -> Failure
DEBUG:root:Result: Selector: High Level Ordering of Strategies -> Failure
DEBUG:root:Finish turn

DEBUG:root:Executing:Selector: High Level Ordering of Strategies
DEBUG:root:Executing:Sequence: Neutral Attack Sequence
DEBUG:root:Executing:Check: if_neutral_planet_available
DEBUG:root:Result: Check: if_neutral_planet_available -> Success
DEBUG:root:Executing:Check: if_weak_neutral_available
DEBUG:root:Result: Check: if_weak_neutral_available -> Success
DEBUG:root:Executing:Action: attack_weak_neutrals
INFO:root:my planet 20
INFO:root:neutral planet 20
DEBUG:root:Order:20 21 75.0
DEBUG:root:Result: Action: attack_weak_neutrals -> Success
DEBUG:root:Executing:Action: reinforce_frontline
DEBUG:root:Order:8 5 1
DEBUG:root:Order:8 1 1
DEBUG:root:Order:8 12 1
DEBUG:root:Order:8 16 1
DEBUG:root:Order:8 18 1
DEBUG:root:Order:8 11 1
DEBUG:root:Order:8 20 1
DEBUG:root:Order:8 17 1
DEBUG:root:Result: Action: reinforce_frontline -> Success
DEBUG:root:Result: Sequence: Neutral Attack Sequence -> Success
DEBUG:root:Result: Selector: High Level Ordering of Strategies -> Success
DEBUG:root:Finish turn

DEBUG:root:Executing:Selector: High Level Ordering of Strategies
DEBUG:root:Executing:Sequence: Neutral Attack Sequence
DEBUG:root:Executing:Check: if_neutral_planet_available
DEBUG:root:Result: Check: if_neutral_planet_available -> Success
DEBUG:root:Executing:Check: if_weak_neutral_available
DEBUG:root:Result: Check: if_weak_neutral_available -> Failure
DEBUG:root:Result: Sequence: Neutral Attack Sequence -> Failure
DEBUG:root:Result: Selector: High Level Ordering of Strategies -> Failure
DEBUG:root:Finish turn

DEBUG:root:Executing:Selector: High Level Ordering of Strategies
DEBUG:root:Executing:Sequence: Neutral Attack Sequence
DEBUG:root:Executing:Check: if_neutral_planet_available
DEBUG:root:Result: Check: if_neutral_planet_available -> Success
DEBUG:root:Executing:Check: if_weak_neutral_available
DEBUG:root:Result: Check: if_weak_neutral_available -> Success
DEBUG:root:Executing:Action: attack_weak_neutrals
INFO:root:my planet 1
INFO:root:neutral planet 1
DEBUG:root:Order:1 22 75.0
DEBUG:root:Result: Action: attack_weak_neutrals -> Success
DEBUG:root:Executing:Action: reinforce_frontline
DEBUG:root:Order:5 1 0
DEBUG:root:Order:5 17 0
DEBUG:root:Order:5 11 0
DEBUG:root:Order:5 14 0
DEBUG:root:Order:5 18 0
DEBUG:root:Order:5 12 0
DEBUG:root:Order:5 20 0
DEBUG:root:Order:5 16 0
DEBUG:root:Order:8 1 0
DEBUG:root:Order:8 17 0
DEBUG:root:Order:8 11 0
DEBUG:root:Order:8 14 0
DEBUG:root:Order:8 18 0
DEBUG:root:Order:8 12 0
DEBUG:root:Order:8 20 0
DEBUG:root:Order:8 16 0
DEBUG:root:Result: Action: reinforce_frontline -> Success
DEBUG:root:Result: Sequence: Neutral Attack Sequence -> Success
DEBUG:root:Result: Selector: High Level Ordering of Strategies -> Success
DEBUG:root:Finish turn

DEBUG:root:Executing:Selector: High Level Ordering of Strategies
DEBUG:root:Executing:Sequence: Neutral Attack Sequence
DEBUG:root:Executing:Check: if_neutral_planet_available
DEBUG:root:Result: Check: if_neutral_planet_available -> Success
DEBUG:root:Executing:Check: if_weak_neutral_available
DEBUG:root:Result: Check: if_weak_neutral_available -> Failure
DEBUG:root:Result: Sequence: Neutral Attack Sequence -> Failure
DEBUG:root:Result: Selector: High Level Ordering of Strategies -> Failure
DEBUG:root:Finish turn

DEBUG:root:Executing:Selector: High Level Ordering of Strategies
DEBUG:root:Executing:Sequence: Neutral Attack Sequence
DEBUG:root:Executing:Check: if_neutral_planet_available
DEBUG:root:Result: Check: if_neutral_planet_available -> Success
DEBUG:root:Executing:Check: if_weak_neutral_available
DEBUG:root:Result: Check: if_weak_neutral_available -> Failure
DEBUG:root:Result: Sequence: Neutral Attack Sequence -> Failure
DEBUG:root:Result: Selector: High Level Ordering of Strategies -> Failure
DEBUG:root:Finish turn

DEBUG:root:Executing:Selector: High Level Ordering of Strategies
DEBUG:root:Executing:Sequence: Neutral Attack Sequence
DEBUG:root:Executing:Check: if_neutral_planet_available
DEBUG:root:Result: Check: if_neutral_planet_available -> Success
DEBUG:root:Executing:Check: if_weak_neutral_available
DEBUG:root:Result: Check: if_weak_neutral_available -> Failure
DEBUG:root:Result: Sequence: Neutral Attack Sequence -> Failure
DEBUG:root:Result: Selector: High Level Ordering of Strategies -> Failure
DEBUG:root:Finish turn

DEBUG:root:Executing:Selector: High Level Ordering of Strategies
DEBUG:root:Executing:Sequence: Neutral Attack Sequence
DEBUG:root:Executing:Check: if_neutral_planet_available
DEBUG:root:Result: Check: if_neutral_planet_available -> Success
DEBUG:root:Executing:Check: if_weak_neutral_available
DEBUG:root:Result: Check: if_weak_neutral_available -> Failure
DEBUG:root:Result: Sequence: Neutral Attack Sequence -> Failure
DEBUG:root:Result: Selector: High Level Ordering of Strategies -> Failure
DEBUG:root:Finish turn

DEBUG:root:Executing:Selector: High Level Ordering of Strategies
DEBUG:root:Executing:Sequence: Neutral Attack Sequence
DEBUG:root:Executing:Check: if_neutral_planet_available
DEBUG:root:Result: Check: if_neutral_planet_available -> Success
DEBUG:root:Executing:Check: if_weak_neutral_available
DEBUG:root:Result: Check: if_weak_neutral_available -> Failure
DEBUG:root:Result: Sequence: Neutral Attack Sequence -> Failure
DEBUG:root:Result: Selector: High Level Ordering of Strategies -> Failure
DEBUG:root:Finish turn

DEBUG:root:Executing:Selector: High Level Ordering of Strategies
DEBUG:root:Executing:Sequence: Neutral Attack Sequence
DEBUG:root:Executing:Check: if_neutral_planet_available
DEBUG:root:Result: Check: if_neutral_planet_available -> Success
DEBUG:root:Executing:Check: if_weak_neutral_available
DEBUG:root:Result: Check: if_weak_neutral_available -> Failure
DEBUG:root:Result: Sequence: Neutral Attack Sequence -> Failure
DEBUG:root:Result: Selector: High Level Ordering of Strategies -> Failure
DEBUG:root:Finish turn

DEBUG:root:Executing:Selector: High Level Ordering of Strategies
DEBUG:root:Executing:Sequence: Neutral Attack Sequence
DEBUG:root:Executing:Check: if_neutral_planet_available
DEBUG:root:Result: Check: if_neutral_planet_available -> Success
DEBUG:root:Executing:Check: if_weak_neutral_available
DEBUG:root:Result: Check: if_weak_neutral_available -> Failure
DEBUG:root:Result: Sequence: Neutral Attack Sequence -> Failure
DEBUG:root:Result: Selector: High Level Ordering of Strategies -> Failure
DEBUG:root:Finish turn

DEBUG:root:Executing:Selector: High Level Ordering of Strategies
DEBUG:root:Executing:Sequence: Neutral Attack Sequence
DEBUG:root:Executing:Check: if_neutral_planet_available
DEBUG:root:Result: Check: if_neutral_planet_available -> Success
DEBUG:root:Executing:Check: if_weak_neutral_available
DEBUG:root:Result: Check: if_weak_neutral_available -> Failure
DEBUG:root:Result: Sequence: Neutral Attack Sequence -> Failure
DEBUG:root:Result: Selector: High Level Ordering of Strategies -> Failure
DEBUG:root:Finish turn

DEBUG:root:Executing:Selector: High Level Ordering of Strategies
DEBUG:root:Executing:Sequence: Neutral Attack Sequence
DEBUG:root:Executing:Check: if_neutral_planet_available
DEBUG:root:Result: Check: if_neutral_planet_available -> Success
DEBUG:root:Executing:Check: if_weak_neutral_available
DEBUG:root:Result: Check: if_weak_neutral_available -> Failure
DEBUG:root:Result: Sequence: Neutral Attack Sequence -> Failure
DEBUG:root:Result: Selector: High Level Ordering of Strategies -> Failure
DEBUG:root:Finish turn

DEBUG:root:Executing:Selector: High Level Ordering of Strategies
DEBUG:root:Executing:Sequence: Neutral Attack Sequence
DEBUG:root:Executing:Check: if_neutral_planet_available
DEBUG:root:Result: Check: if_neutral_planet_available -> Success
DEBUG:root:Executing:Check: if_weak_neutral_available
DEBUG:root:Result: Check: if_weak_neutral_available -> Success
DEBUG:root:Executing:Action: attack_weak_neutrals
INFO:root:my planet 18
INFO:root:neutral planet 18
DEBUG:root:Order:18 3 87.0
DEBUG:root:Result: Action: attack_weak_neutrals -> Success
DEBUG:root:Executing:Action: reinforce_frontline
DEBUG:root:Order:1 10 6
DEBUG:root:Order:1 11 6
DEBUG:root:Order:1 6 6
DEBUG:root:Order:1 20 6
DEBUG:root:Order:1 12 6
DEBUG:root:Order:1 14 6
DEBUG:root:Order:1 17 6
DEBUG:root:Order:8 10 1
DEBUG:root:Order:8 11 1
DEBUG:root:Order:8 6 1
DEBUG:root:Order:8 20 1
DEBUG:root:Order:8 12 1
DEBUG:root:Order:8 14 1
DEBUG:root:Order:8 17 1
DEBUG:root:Order:9 10 1
DEBUG:root:Order:9 11 1
DEBUG:root:Order:9 6 1
DEBUG:root:Order:9 20 1
DEBUG:root:Order:9 12 1
DEBUG:root:Order:9 14 1
DEBUG:root:Order:9 17 1
DEBUG:root:Order:16 10 10
DEBUG:root:Order:16 11 10
DEBUG:root:Order:16 6 10
DEBUG:root:Order:16 20 10
DEBUG:root:Order:16 12 10
DEBUG:root:Order:16 14 10
DEBUG:root:Order:16 17 10
DEBUG:root:Order:18 10 -1
DEBUG:root:Order:18 11 -1
DEBUG:root:Order:18 6 -1
DEBUG:root:Order:18 20 -1
DEBUG:root:Order:18 12 -1
DEBUG:root:Order:18 14 -1
DEBUG:root:Order:18 17 -1
DEBUG:root:Order:22 10 0
DEBUG:root:Order:22 11 0
DEBUG:root:Order:22 6 0
DEBUG:root:Order:22 20 0
DEBUG:root:Order:22 12 0
DEBUG:root:Order:22 14 0
DEBUG:root:Order:22 17 0
DEBUG:root:Result: Action: reinforce_frontline -> Success
DEBUG:root:Result: Sequence: Neutral Attack Sequence -> Success
DEBUG:root:Result: Selector: High Level Ordering of Strategies -> Success
DEBUG:root:Finish turn

